<?xml version="1.0" encoding="UTF-8"?>
<!-- Generated by org.testng.reporters.JUnitXMLReporter -->
<testsuite ignored="0" hostname="LIN-2K3R9K3" failures="0" tests="4" name="Sample Test Case for Package" time="0.014" errors="0" timestamp="2024-10-30T18:59:48 IST">
  <testcase classname="com.testng.training.SampleClassTwo" name="sampleTestTwoMethodOne" time="0.001"/>
  <testcase classname="com.testng.training.SampleClassTwo" name="sampleTestTwoMethodTwo" time="0.001"/>
  <testcase classname="com.testng.training.SampleTestOne" name="sampleTestOneMethodOne" time="0.001"/>
  <testcase classname="com.testng.training.SampleTestOne" name="sampleTestOneMethodTwo" time="0.001"/>
</testsuite> <!-- Sample Test Case for Package -->
