<?xml version="1.0" encoding="UTF-8"?>
<testng-results ignored="0" total="1" passed="1" failed="0" skipped="0">
  <reporter-output>
  </reporter-output>
  <suite started-at="2024-11-24T07:28:33Z" name="Default suite" finished-at="2024-11-24T07:29:16Z" duration-ms="43213">
    <groups>
    </groups>
    <test started-at="2024-11-24T07:28:33Z" name="Default test" finished-at="2024-11-24T07:29:16Z" duration-ms="43213">
      <class name="SeleniumWebDriverPart1.ExtractWebPagePart">
        <test-method is-config="true" signature="init()[pri:0, instance:SeleniumWebDriverPart1.ExtractWebPagePart@74a6f9c1]" started-at="2024-11-24T07:28:33Z" name="init" finished-at="2024-11-24T07:29:15Z" duration-ms="42152" status="PASS">
          <reporter-output>
          </reporter-output>
        </test-method> <!-- init -->
        <test-method signature="extractElementTest()[pri:0, instance:SeleniumWebDriverPart1.ExtractWebPagePart@74a6f9c1]" started-at="2024-11-24T07:29:15Z" name="extractElementTest" finished-at="2024-11-24T07:29:16Z" duration-ms="419" status="PASS">
          <reporter-output>
          </reporter-output>
        </test-method> <!-- extractElementTest -->
        <test-method is-config="true" signature="finish()[pri:0, instance:SeleniumWebDriverPart1.ExtractWebPagePart@74a6f9c1]" started-at="2024-11-24T07:29:16Z" name="finish" finished-at="2024-11-24T07:29:16Z" duration-ms="621" status="PASS">
          <reporter-output>
          </reporter-output>
        </test-method> <!-- finish -->
      </class> <!-- SeleniumWebDriverPart1.ExtractWebPagePart -->
    </test> <!-- Default test -->
  </suite> <!-- Default suite -->
</testng-results>
