<?xml version="1.0" encoding="UTF-8"?>
<!-- Generated by org.testng.reporters.JUnitXMLReporter -->
<testsuite ignored="0" hostname="LIN-2K3R9K3" failures="0" tests="3" name="Unit Test" time="0.009" errors="0" timestamp="2024-10-14T13:20:22 IST">
  <testcase classname="com.testing.dataprovider.DataProviderParameterExample" name="commonScenarios" time="0.001"/>
  <testcase classname="com.testing.dataprovider.DataProviderParameterExample" name="scenario1" time="0.001"/>
  <testcase classname="com.testing.dataprovider.DataProviderParameterExample" name="scenario2" time="0.0"/>
</testsuite> <!-- Unit Test -->
