<?xml version="1.0" encoding="UTF-8"?>
<!-- Generated by org.testng.reporters.JUnitXMLReporter -->
<testsuite ignored="0" hostname="LIN-2K3R9K3" failures="0" tests="2" name="FaceBook Profile Test Case" time="0.004" errors="0" timestamp="2024-10-14T13:20:22 IST">
  <testcase classname="Sample.Sample.FaceBookProfileLink" name="checkProdileLogo" time="0.0"/>
  <testcase classname="Sample.Sample.FaceBookProfileLink" name="checkProfileLinks" time="0.001"/>
</testsuite> <!-- FaceBook Profile Test Case -->
