<?xml version="1.0" encoding="UTF-8"?>
<testng-results ignored="0" total="2" passed="2" failed="0" skipped="0">
  <reporter-output>
  </reporter-output>
  <suite started-at="2024-10-16T06:38:17Z" name="Suite" finished-at="2024-10-16T06:38:18Z" duration-ms="586">
    <groups>
    </groups>
    <test started-at="2024-10-16T06:38:17Z" name="Facebook Login Test" finished-at="2024-10-16T06:38:18Z" duration-ms="586">
      <class name="TestNGExtent.LoginTest">
        <test-method is-config="true" signature="init()[pri:0, instance:TestNGExtent.LoginTest@282cb7c7]" started-at="2024-10-16T06:38:17Z" name="init" finished-at="2024-10-16T06:38:17Z" duration-ms="224" status="PASS">
          <reporter-output>
          </reporter-output>
        </test-method> <!-- init -->
        <test-method signature="loginTest()[pri:0, instance:TestNGExtent.LoginTest@282cb7c7]" started-at="2024-10-16T06:38:17Z" name="loginTest" finished-at="2024-10-16T06:38:17Z" duration-ms="12" status="PASS">
          <reporter-output>
          </reporter-output>
        </test-method> <!-- loginTest -->
        <test-method is-config="true" signature="quit()[pri:0, instance:TestNGExtent.LoginTest@282cb7c7]" started-at="2024-10-16T06:38:17Z" name="quit" finished-at="2024-10-16T06:38:18Z" duration-ms="334" status="PASS">
          <reporter-output>
          </reporter-output>
        </test-method> <!-- quit -->
      </class> <!-- TestNGExtent.LoginTest -->
    </test> <!-- Facebook Login Test -->
    <test started-at="2024-10-16T06:38:17Z" name="Facebook Registration Test" finished-at="2024-10-16T06:38:18Z" duration-ms="586">
      <class name="TestNGExtent.RegistrationTest">
        <test-method is-config="true" signature="init()[pri:0, instance:TestNGExtent.RegistrationTest@56c4278e]" started-at="2024-10-16T06:38:17Z" name="init" finished-at="2024-10-16T06:38:17Z" duration-ms="224" status="PASS">
          <reporter-output>
          </reporter-output>
        </test-method> <!-- init -->
        <test-method signature="regisTest()[pri:0, instance:TestNGExtent.RegistrationTest@56c4278e]" started-at="2024-10-16T06:38:17Z" name="regisTest" finished-at="2024-10-16T06:38:17Z" duration-ms="11" status="PASS">
          <reporter-output>
          </reporter-output>
        </test-method> <!-- regisTest -->
        <test-method is-config="true" signature="quit()[pri:0, instance:TestNGExtent.RegistrationTest@56c4278e]" started-at="2024-10-16T06:38:17Z" name="quit" finished-at="2024-10-16T06:38:18Z" duration-ms="333" status="PASS">
          <reporter-output>
          </reporter-output>
        </test-method> <!-- quit -->
      </class> <!-- TestNGExtent.RegistrationTest -->
    </test> <!-- Facebook Registration Test -->
  </suite> <!-- Suite -->
</testng-results>
