<?xml version="1.0" encoding="UTF-8"?>
<!-- Generated by org.testng.reporters.JUnitXMLReporter -->
<testsuite ignored="4" hostname="LIN-2K3R9K3" failures="0" tests="2" name="Delete Portfolio Test" time="48.48" errors="0" timestamp="02 Dec 2024 07:48:03 GMT">
  <testcase classname="testCaseRediffPortfolio.manageSessionTest" name="doLogin" time="37.489"/>
  <testcase classname="testCaseRediffPortfolio.managePortfolioTest" name="deletePortfolio" time="10.525"/>
  <testcase classname="testCaseRediffPortfolio.managePortfolioTest" name="createPortfolio" time="0.0">
    <ignored/>
  </testcase> <!-- createPortfolio -->
  <testcase classname="testBase.BaseTest" name="@AfterTest afterTest" time="0.0">
    <ignored/>
  </testcase> <!-- @AfterTest afterTest -->
  <testcase classname="testCaseRediffPortfolio.manageSessionTest" name="doLogOut" time="0.0">
    <ignored/>
  </testcase> <!-- doLogOut -->
  <testcase classname="testBase.BaseTest" name="@BeforeTest beforeTest" time="0.0">
    <ignored/>
  </testcase> <!-- @BeforeTest beforeTest -->
</testsuite> <!-- Delete Portfolio Test -->
